{"level":"info","message":"⌛ Validating impdp.wlk","timeElapsed":147,"timestamp":"2024-11-09T22:35:21.963Z"}
{"level":"info","message":"onRequest - completionItem/resolve","timestamp":"2024-11-09T22:35:22.041Z"}
{"level":"info","message":"onRequest - completionItem/resolve","timestamp":"2024-11-09T22:35:22.043Z"}
{"level":"info","message":"onRequest - completionItem/resolve","timestamp":"2024-11-09T22:35:22.105Z"}
{"level":"info","message":"onRequest - completionItem/resolve","timestamp":"2024-11-09T22:35:22.496Z"}
{"level":"info","message":"⌛ Validating impdp.wlk","timeElapsed":118,"timestamp":"2024-11-09T22:35:22.615Z"}
{"level":"info","message":"⌛ Validating impdp.wlk","timeElapsed":103,"timestamp":"2024-11-09T22:35:22.792Z"}
{"level":"info","message":"⌛ Building environment","timeElapsed":115,"timestamp":"2024-11-09T22:35:24.849Z"}
{"level":"info","message":"⌛ Validating impdp.wlk","timeElapsed":105,"timestamp":"2024-11-09T22:35:24.955Z"}
{"level":"info","message":"onRequest - completionItem/resolve","timestamp":"2024-11-09T22:35:25.762Z"}
{"level":"info","message":"onRequest - completionItem/resolve","timestamp":"2024-11-09T22:35:26.047Z"}
{"level":"info","message":"onRequest - completionItem/resolve","timestamp":"2024-11-09T22:35:26.204Z"}
{"level":"info","message":"⌛ Validating impdp.wlk","timeElapsed":138,"timestamp":"2024-11-09T22:35:26.342Z"}
{"level":"info","message":"⌛ Validating impdp.wlk","timeElapsed":103,"timestamp":"2024-11-09T22:35:26.519Z"}
{"level":"info","message":"⌛ Building environment","timeElapsed":108,"timestamp":"2024-11-09T22:35:55.410Z"}
{"level":"info","message":"⌛ Validating impdp.wlk","timeElapsed":111,"timestamp":"2024-11-09T22:35:55.523Z"}
{"level":"info","message":"⌛ Building environment","timeElapsed":106,"timestamp":"2024-11-09T22:35:55.631Z"}
{"level":"info","message":"⌛ Validating impdp.wlk","timeElapsed":108,"timestamp":"2024-11-09T22:35:55.740Z"}
{"level":"info","message":"onRequest - completionItem/resolve","timestamp":"2024-11-09T22:36:37.678Z"}
{"level":"info","message":"⌛ Validating impdp.wlk","timeElapsed":130,"timestamp":"2024-11-09T22:36:38.133Z"}
{"level":"info","message":"⌛ Validating impdp.wlk","timeElapsed":106,"timestamp":"2024-11-09T22:36:38.303Z"}
{"level":"info","message":"⌛ Building environment","timeElapsed":110,"timestamp":"2024-11-09T22:36:38.414Z"}
{"level":"error","message":"✘ Failed to rebuild document Failed to parse impdp.wlk: \n-- PARSING FAILED --------------------------------------------------\n\n  23 | \n  24 |     method\n> 25 | }\n     | ^\n\nExpected one of the following: \n\n'!=', '!==', '%', '&&', '*', '**', '+', '-', '->', '..', '..<', '/', '<', '<<', '<<<', '<=', '<=>', '<>', '==', '===', '>', '>..', '>=', '>>', '>>>', '?:', 'and', 'invert', 'negate', 'or', 'plus', '||', identifier, whitespace\n","stack":"Error: Failed to parse impdp.wlk: \n-- PARSING FAILED --------------------------------------------------\n\n  23 | \n  24 |     method\n> 25 | }\n     | ^\n\nExpected one of the following: \n\n'!=', '!==', '%', '&&', '*', '**', '+', '-', '->', '..', '..<', '/', '<', '<<', '<<<', '<=', '<=>', '<>', '==', '===', '>', '>..', '>=', '>>', '>>>', '?:', 'and', 'invert', 'negate', 'or', 'plus', '||', identifier, whitespace\n\n    at c:\\Users\\usuario\\.vscode\\extensions\\uqbar.wollok-lsp-ide-0.3.6\\out\\server\\src\\server.js:2254:32415\n    at Array.map (<anonymous>)\n    at Jfn (c:\\Users\\usuario\\.vscode\\extensions\\uqbar.wollok-lsp-ide-0.3.6\\out\\server\\src\\server.js:2254:32339)\n    at k2.buildEnvironmentFrom (c:\\Users\\usuario\\.vscode\\extensions\\uqbar.wollok-lsp-ide-0.3.6\\out\\server\\src\\server.js:2285:6721)\n    at k2.updateEnvironmentWith (c:\\Users\\usuario\\.vscode\\extensions\\uqbar.wollok-lsp-ide-0.3.6\\out\\server\\src\\server.js:2285:6456)\n    at jL (c:\\Users\\usuario\\.vscode\\extensions\\uqbar.wollok-lsp-ide-0.3.6\\out\\server\\src\\server.js:2298:2292)\n    at v3.invoke (c:\\Users\\usuario\\.vscode\\extensions\\uqbar.wollok-lsp-ide-0.3.6\\out\\server\\src\\server.js:3:157200)\n    at o.fire (c:\\Users\\usuario\\.vscode\\extensions\\uqbar.wollok-lsp-ide-0.3.6\\out\\server\\src\\server.js:3:157970)\n    at c:\\Users\\usuario\\.vscode\\extensions\\uqbar.wollok-lsp-ide-0.3.6\\out\\server\\src\\server.js:37:57871\n    at Vr (c:\\Users\\usuario\\.vscode\\extensions\\uqbar.wollok-lsp-ide-0.3.6\\out\\server\\src\\server.js:8:1561)","timestamp":"2024-11-09T22:36:38.425Z"}
{"level":"info","message":"⌛ Validating impdp.wlk","timeElapsed":111,"timestamp":"2024-11-09T22:36:38.536Z"}
{"level":"error","message":"✘ Failed to rebuild document Failed to parse impdp.wlk: \n-- PARSING FAILED --------------------------------------------------\n\n  23 | \n  24 |     method \n> 25 | }\n     | ^\n\nExpected one of the following: \n\n'!=', '!==', '%', '&&', '*', '**', '+', '-', '->', '..', '..<', '/', '<', '<<', '<<<', '<=', '<=>', '<>', '==', '===', '>', '>..', '>=', '>>', '>>>', '?:', 'and', 'invert', 'negate', 'or', 'plus', '||', identifier, whitespace\n","stack":"Error: Failed to parse impdp.wlk: \n-- PARSING FAILED --------------------------------------------------\n\n  23 | \n  24 |     method \n> 25 | }\n     | ^\n\nExpected one of the following: \n\n'!=', '!==', '%', '&&', '*', '**', '+', '-', '->', '..', '..<', '/', '<', '<<', '<<<', '<=', '<=>', '<>', '==', '===', '>', '>..', '>=', '>>', '>>>', '?:', 'and', 'invert', 'negate', 'or', 'plus', '||', identifier, whitespace\n\n    at c:\\Users\\usuario\\.vscode\\extensions\\uqbar.wollok-lsp-ide-0.3.6\\out\\server\\src\\server.js:2254:32415\n    at Array.map (<anonymous>)\n    at Jfn (c:\\Users\\usuario\\.vscode\\extensions\\uqbar.wollok-lsp-ide-0.3.6\\out\\server\\src\\server.js:2254:32339)\n    at k2.buildEnvironmentFrom (c:\\Users\\usuario\\.vscode\\extensions\\uqbar.wollok-lsp-ide-0.3.6\\out\\server\\src\\server.js:2285:6721)\n    at k2.updateEnvironmentWith (c:\\Users\\usuario\\.vscode\\extensions\\uqbar.wollok-lsp-ide-0.3.6\\out\\server\\src\\server.js:2285:6456)\n    at jL (c:\\Users\\usuario\\.vscode\\extensions\\uqbar.wollok-lsp-ide-0.3.6\\out\\server\\src\\server.js:2298:2292)\n    at v3.invoke (c:\\Users\\usuario\\.vscode\\extensions\\uqbar.wollok-lsp-ide-0.3.6\\out\\server\\src\\server.js:3:157200)\n    at o.fire (c:\\Users\\usuario\\.vscode\\extensions\\uqbar.wollok-lsp-ide-0.3.6\\out\\server\\src\\server.js:3:157970)\n    at c:\\Users\\usuario\\.vscode\\extensions\\uqbar.wollok-lsp-ide-0.3.6\\out\\server\\src\\server.js:37:57871\n    at Vr (c:\\Users\\usuario\\.vscode\\extensions\\uqbar.wollok-lsp-ide-0.3.6\\out\\server\\src\\server.js:8:1561)","timestamp":"2024-11-09T22:36:39.160Z"}
{"level":"info","message":"onRequest - completionItem/resolve","timestamp":"2024-11-09T22:36:40.189Z"}
{"level":"info","message":"⌛ Building environment","timeElapsed":123,"timestamp":"2024-11-09T22:36:40.404Z"}
{"level":"info","message":"⌛ Validating impdp.wlk","timeElapsed":120,"timestamp":"2024-11-09T22:36:40.526Z"}
{"level":"info","message":"⌛ Validating impdp.wlk","timeElapsed":155,"timestamp":"2024-11-09T22:36:41.196Z"}
{"level":"info","message":"⌛ Validating impdp.wlk","timeElapsed":102,"timestamp":"2024-11-09T22:36:42.586Z"}
{"level":"info","message":"⌛ Validating impdp.wlk","timeElapsed":103,"timestamp":"2024-11-09T22:36:42.936Z"}
{"level":"info","message":"⌛ Validating impdp.wlk","timeElapsed":106,"timestamp":"2024-11-09T22:36:43.153Z"}
{"level":"info","message":"⌛ Building environment","timeElapsed":134,"timestamp":"2024-11-09T22:36:43.543Z"}
{"level":"info","message":"⌛ Validating impdp.wlk","timeElapsed":102,"timestamp":"2024-11-09T22:36:43.734Z"}
{"level":"info","message":"⌛ Validating impdp.wlk","timeElapsed":153,"timestamp":"2024-11-09T22:36:43.888Z"}
{"level":"info","message":"⌛ Building environment","timeElapsed":111,"timestamp":"2024-11-09T22:36:44.249Z"}
{"level":"info","message":"⌛ Validating impdp.wlk","timeElapsed":121,"timestamp":"2024-11-09T22:36:44.408Z"}
{"level":"info","message":"⌛ Validating impdp.wlk","timeElapsed":102,"timestamp":"2024-11-09T22:36:44.585Z"}
{"level":"info","message":"⌛ Validating impdp.wlk","timeElapsed":118,"timestamp":"2024-11-09T22:36:47.351Z"}
{"level":"info","message":"⌛ Building environment","timeElapsed":156,"timestamp":"2024-11-09T22:36:49.109Z"}
{"level":"info","message":"⌛ Validating impdp.wlk","timeElapsed":107,"timestamp":"2024-11-09T22:36:49.235Z"}
{"level":"info","message":"onRequest - completionItem/resolve","timestamp":"2024-11-09T22:36:49.235Z"}
{"level":"info","message":"onRequest - completionItem/resolve","timestamp":"2024-11-09T22:36:49.294Z"}
{"level":"info","message":"⌛ Validating impdp.wlk","timeElapsed":106,"timestamp":"2024-11-09T22:36:49.401Z"}
{"level":"info","message":"onRequest - completionItem/resolve","timestamp":"2024-11-09T22:36:49.466Z"}
{"level":"info","message":"⌛ Building environment","timeElapsed":116,"timestamp":"2024-11-09T22:36:49.827Z"}
{"level":"info","message":"⌛ Validating impdp.wlk","timeElapsed":101,"timestamp":"2024-11-09T22:36:50.013Z"}
{"level":"info","message":"⌛ Validating impdp.wlk","timeElapsed":113,"timestamp":"2024-11-09T22:36:50.126Z"}
{"level":"error","message":"✘ Completions for node failed: Error: [Return]{9d0991} at impdp.wlk:25 exhausted all cases without a match [Return]{9d0991} at impdp.wlk:25 exhausted all cases without a match","stack":"Error: [Return]{9d0991} at impdp.wlk:25 exhausted all cases without a match\n    at c:\\Users\\usuario\\.vscode\\extensions\\uqbar.wollok-lsp-ide-0.3.6\\out\\server\\src\\server.js:38:6067\n    at yh (c:\\Users\\usuario\\.vscode\\extensions\\uqbar.wollok-lsp-ide-0.3.6\\out\\server\\src\\server.js:2291:42)\n    at c:\\Users\\usuario\\.vscode\\extensions\\uqbar.wollok-lsp-ide-0.3.6\\out\\server\\src\\server.js:2291:2700\n    at c:\\Users\\usuario\\.vscode\\extensions\\uqbar.wollok-lsp-ide-0.3.6\\out\\server\\src\\server.js:2298:3774\n    at c:\\Users\\usuario\\.vscode\\extensions\\uqbar.wollok-lsp-ide-0.3.6\\out\\server\\src\\server.js:37:74872\n    at Fe (c:\\Users\\usuario\\.vscode\\extensions\\uqbar.wollok-lsp-ide-0.3.6\\out\\server\\src\\server.js:7:8527)\n    at Pt (c:\\Users\\usuario\\.vscode\\extensions\\uqbar.wollok-lsp-ide-0.3.6\\out\\server\\src\\server.js:7:6189)\n    at Gi (c:\\Users\\usuario\\.vscode\\extensions\\uqbar.wollok-lsp-ide-0.3.6\\out\\server\\src\\server.js:7:6378)\n    at Immediate._onImmediate (c:\\Users\\usuario\\.vscode\\extensions\\uqbar.wollok-lsp-ide-0.3.6\\out\\server\\src\\server.js:7:6142)\n    at process.processImmediate (node:internal/timers:483:21)","timestamp":"2024-11-09T22:36:50.202Z"}
{"level":"info","message":"⌛ Validating impdp.wlk","timeElapsed":108,"timestamp":"2024-11-09T22:36:57.689Z"}
{"level":"info","message":"onRequest - completionItem/resolve","timestamp":"2024-11-09T22:37:02.369Z"}
{"level":"info","message":"⌛ Validating impdp.wlk","timeElapsed":101,"timestamp":"2024-11-09T22:37:03.007Z"}
{"level":"info","message":"⌛ Building environment","timeElapsed":119,"timestamp":"2024-11-09T22:37:04.517Z"}
{"level":"info","message":"⌛ Validating impdp.wlk","timeElapsed":104,"timestamp":"2024-11-09T22:37:04.663Z"}
{"level":"info","message":"onRequest - completionItem/resolve","timestamp":"2024-11-09T22:37:04.663Z"}
{"level":"info","message":"onRequest - completionItem/resolve","timestamp":"2024-11-09T22:37:04.891Z"}
{"level":"info","message":"onRequest - completionItem/resolve","timestamp":"2024-11-09T22:37:05.058Z"}
{"level":"info","message":"⌛ Validating impdp.wlk","timeElapsed":120,"timestamp":"2024-11-09T22:37:05.179Z"}
{"level":"info","message":"onRequest - completionItem/resolve","timestamp":"2024-11-09T22:37:05.253Z"}
{"level":"error","message":"✘ Completions for node failed: Error: [Return]{8b8eeb} at impdp.wlk:-- exhausted all cases without a match [Return]{8b8eeb} at impdp.wlk:-- exhausted all cases without a match","stack":"Error: [Return]{8b8eeb} at impdp.wlk:-- exhausted all cases without a match\n    at c:\\Users\\usuario\\.vscode\\extensions\\uqbar.wollok-lsp-ide-0.3.6\\out\\server\\src\\server.js:38:6067\n    at yh (c:\\Users\\usuario\\.vscode\\extensions\\uqbar.wollok-lsp-ide-0.3.6\\out\\server\\src\\server.js:2291:42)\n    at kh (c:\\Users\\usuario\\.vscode\\extensions\\uqbar.wollok-lsp-ide-0.3.6\\out\\server\\src\\server.js:2291:1004)\n    at Y5n (c:\\Users\\usuario\\.vscode\\extensions\\uqbar.wollok-lsp-ide-0.3.6\\out\\server\\src\\server.js:2291:1160)\n    at c:\\Users\\usuario\\.vscode\\extensions\\uqbar.wollok-lsp-ide-0.3.6\\out\\server\\src\\server.js:38:6056\n    at yh (c:\\Users\\usuario\\.vscode\\extensions\\uqbar.wollok-lsp-ide-0.3.6\\out\\server\\src\\server.js:2291:42)\n    at c:\\Users\\usuario\\.vscode\\extensions\\uqbar.wollok-lsp-ide-0.3.6\\out\\server\\src\\server.js:2291:2700\n    at c:\\Users\\usuario\\.vscode\\extensions\\uqbar.wollok-lsp-ide-0.3.6\\out\\server\\src\\server.js:2298:3774\n    at c:\\Users\\usuario\\.vscode\\extensions\\uqbar.wollok-lsp-ide-0.3.6\\out\\server\\src\\server.js:37:74872\n    at Fe (c:\\Users\\usuario\\.vscode\\extensions\\uqbar.wollok-lsp-ide-0.3.6\\out\\server\\src\\server.js:7:8527)","timestamp":"2024-11-09T22:37:13.362Z"}
{"level":"info","message":"onRequest - completionItem/resolve","timestamp":"2024-11-09T22:37:13.460Z"}
{"level":"info","message":"onRequest - completionItem/resolve","timestamp":"2024-11-09T22:37:13.542Z"}
{"level":"error","message":"✘ Completions for node failed: Error: [Return]{54a64b} at impdp.wlk:-- exhausted all cases without a match [Return]{54a64b} at impdp.wlk:-- exhausted all cases without a match","stack":"Error: [Return]{54a64b} at impdp.wlk:-- exhausted all cases without a match\n    at c:\\Users\\usuario\\.vscode\\extensions\\uqbar.wollok-lsp-ide-0.3.6\\out\\server\\src\\server.js:38:6067\n    at yh (c:\\Users\\usuario\\.vscode\\extensions\\uqbar.wollok-lsp-ide-0.3.6\\out\\server\\src\\server.js:2291:42)\n    at kh (c:\\Users\\usuario\\.vscode\\extensions\\uqbar.wollok-lsp-ide-0.3.6\\out\\server\\src\\server.js:2291:1004)\n    at Y5n (c:\\Users\\usuario\\.vscode\\extensions\\uqbar.wollok-lsp-ide-0.3.6\\out\\server\\src\\server.js:2291:1160)\n    at c:\\Users\\usuario\\.vscode\\extensions\\uqbar.wollok-lsp-ide-0.3.6\\out\\server\\src\\server.js:38:6056\n    at yh (c:\\Users\\usuario\\.vscode\\extensions\\uqbar.wollok-lsp-ide-0.3.6\\out\\server\\src\\server.js:2291:42)\n    at c:\\Users\\usuario\\.vscode\\extensions\\uqbar.wollok-lsp-ide-0.3.6\\out\\server\\src\\server.js:2291:2700\n    at c:\\Users\\usuario\\.vscode\\extensions\\uqbar.wollok-lsp-ide-0.3.6\\out\\server\\src\\server.js:2298:3774\n    at c:\\Users\\usuario\\.vscode\\extensions\\uqbar.wollok-lsp-ide-0.3.6\\out\\server\\src\\server.js:37:74872\n    at Fe (c:\\Users\\usuario\\.vscode\\extensions\\uqbar.wollok-lsp-ide-0.3.6\\out\\server\\src\\server.js:7:8527)","timestamp":"2024-11-09T22:37:13.841Z"}
{"level":"error","message":"✘ Completions for node failed: Error: [Return]{5680a7} at impdp.wlk:-- exhausted all cases without a match [Return]{5680a7} at impdp.wlk:-- exhausted all cases without a match","stack":"Error: [Return]{5680a7} at impdp.wlk:-- exhausted all cases without a match\n    at c:\\Users\\usuario\\.vscode\\extensions\\uqbar.wollok-lsp-ide-0.3.6\\out\\server\\src\\server.js:38:6067\n    at yh (c:\\Users\\usuario\\.vscode\\extensions\\uqbar.wollok-lsp-ide-0.3.6\\out\\server\\src\\server.js:2291:42)\n    at kh (c:\\Users\\usuario\\.vscode\\extensions\\uqbar.wollok-lsp-ide-0.3.6\\out\\server\\src\\server.js:2291:1004)\n    at Y5n (c:\\Users\\usuario\\.vscode\\extensions\\uqbar.wollok-lsp-ide-0.3.6\\out\\server\\src\\server.js:2291:1160)\n    at c:\\Users\\usuario\\.vscode\\extensions\\uqbar.wollok-lsp-ide-0.3.6\\out\\server\\src\\server.js:38:6056\n    at yh (c:\\Users\\usuario\\.vscode\\extensions\\uqbar.wollok-lsp-ide-0.3.6\\out\\server\\src\\server.js:2291:42)\n    at c:\\Users\\usuario\\.vscode\\extensions\\uqbar.wollok-lsp-ide-0.3.6\\out\\server\\src\\server.js:2291:2700\n    at c:\\Users\\usuario\\.vscode\\extensions\\uqbar.wollok-lsp-ide-0.3.6\\out\\server\\src\\server.js:2298:3774\n    at c:\\Users\\usuario\\.vscode\\extensions\\uqbar.wollok-lsp-ide-0.3.6\\out\\server\\src\\server.js:37:74872\n    at Fe (c:\\Users\\usuario\\.vscode\\extensions\\uqbar.wollok-lsp-ide-0.3.6\\out\\server\\src\\server.js:7:8527)","timestamp":"2024-11-09T22:37:14.030Z"}
{"level":"error","message":"✘ Completions for node failed: Error: [Return]{29d972} at impdp.wlk:-- exhausted all cases without a match [Return]{29d972} at impdp.wlk:-- exhausted all cases without a match","stack":"Error: [Return]{29d972} at impdp.wlk:-- exhausted all cases without a match\n    at c:\\Users\\usuario\\.vscode\\extensions\\uqbar.wollok-lsp-ide-0.3.6\\out\\server\\src\\server.js:38:6067\n    at yh (c:\\Users\\usuario\\.vscode\\extensions\\uqbar.wollok-lsp-ide-0.3.6\\out\\server\\src\\server.js:2291:42)\n    at kh (c:\\Users\\usuario\\.vscode\\extensions\\uqbar.wollok-lsp-ide-0.3.6\\out\\server\\src\\server.js:2291:1004)\n    at Y5n (c:\\Users\\usuario\\.vscode\\extensions\\uqbar.wollok-lsp-ide-0.3.6\\out\\server\\src\\server.js:2291:1160)\n    at c:\\Users\\usuario\\.vscode\\extensions\\uqbar.wollok-lsp-ide-0.3.6\\out\\server\\src\\server.js:38:6056\n    at yh (c:\\Users\\usuario\\.vscode\\extensions\\uqbar.wollok-lsp-ide-0.3.6\\out\\server\\src\\server.js:2291:42)\n    at c:\\Users\\usuario\\.vscode\\extensions\\uqbar.wollok-lsp-ide-0.3.6\\out\\server\\src\\server.js:2291:2700\n    at c:\\Users\\usuario\\.vscode\\extensions\\uqbar.wollok-lsp-ide-0.3.6\\out\\server\\src\\server.js:2298:3774\n    at c:\\Users\\usuario\\.vscode\\extensions\\uqbar.wollok-lsp-ide-0.3.6\\out\\server\\src\\server.js:37:74872\n    at Fe (c:\\Users\\usuario\\.vscode\\extensions\\uqbar.wollok-lsp-ide-0.3.6\\out\\server\\src\\server.js:7:8527)","timestamp":"2024-11-09T22:37:14.205Z"}
{"level":"error","message":"✘ Completions for node failed: Error: [Return]{ec3167} at impdp.wlk:-- exhausted all cases without a match [Return]{ec3167} at impdp.wlk:-- exhausted all cases without a match","stack":"Error: [Return]{ec3167} at impdp.wlk:-- exhausted all cases without a match\n    at c:\\Users\\usuario\\.vscode\\extensions\\uqbar.wollok-lsp-ide-0.3.6\\out\\server\\src\\server.js:38:6067\n    at yh (c:\\Users\\usuario\\.vscode\\extensions\\uqbar.wollok-lsp-ide-0.3.6\\out\\server\\src\\server.js:2291:42)\n    at kh (c:\\Users\\usuario\\.vscode\\extensions\\uqbar.wollok-lsp-ide-0.3.6\\out\\server\\src\\server.js:2291:1004)\n    at Y5n (c:\\Users\\usuario\\.vscode\\extensions\\uqbar.wollok-lsp-ide-0.3.6\\out\\server\\src\\server.js:2291:1160)\n    at c:\\Users\\usuario\\.vscode\\extensions\\uqbar.wollok-lsp-ide-0.3.6\\out\\server\\src\\server.js:38:6056\n    at yh (c:\\Users\\usuario\\.vscode\\extensions\\uqbar.wollok-lsp-ide-0.3.6\\out\\server\\src\\server.js:2291:42)\n    at c:\\Users\\usuario\\.vscode\\extensions\\uqbar.wollok-lsp-ide-0.3.6\\out\\server\\src\\server.js:2291:2700\n    at c:\\Users\\usuario\\.vscode\\extensions\\uqbar.wollok-lsp-ide-0.3.6\\out\\server\\src\\server.js:2298:3774\n    at c:\\Users\\usuario\\.vscode\\extensions\\uqbar.wollok-lsp-ide-0.3.6\\out\\server\\src\\server.js:37:74872\n    at Fe (c:\\Users\\usuario\\.vscode\\extensions\\uqbar.wollok-lsp-ide-0.3.6\\out\\server\\src\\server.js:7:8527)","timestamp":"2024-11-09T22:37:14.380Z"}
{"level":"info","message":"⌛ Validating impdp.wlk","timeElapsed":106,"timestamp":"2024-11-09T22:37:14.488Z"}
{"level":"error","message":"✘ Completions for node failed: Error: [Return]{af7de3} at impdp.wlk:-- exhausted all cases without a match [Return]{af7de3} at impdp.wlk:-- exhausted all cases without a match","stack":"Error: [Return]{af7de3} at impdp.wlk:-- exhausted all cases without a match\n    at c:\\Users\\usuario\\.vscode\\extensions\\uqbar.wollok-lsp-ide-0.3.6\\out\\server\\src\\server.js:38:6067\n    at yh (c:\\Users\\usuario\\.vscode\\extensions\\uqbar.wollok-lsp-ide-0.3.6\\out\\server\\src\\server.js:2291:42)\n    at kh (c:\\Users\\usuario\\.vscode\\extensions\\uqbar.wollok-lsp-ide-0.3.6\\out\\server\\src\\server.js:2291:1004)\n    at Y5n (c:\\Users\\usuario\\.vscode\\extensions\\uqbar.wollok-lsp-ide-0.3.6\\out\\server\\src\\server.js:2291:1160)\n    at c:\\Users\\usuario\\.vscode\\extensions\\uqbar.wollok-lsp-ide-0.3.6\\out\\server\\src\\server.js:38:6056\n    at yh (c:\\Users\\usuario\\.vscode\\extensions\\uqbar.wollok-lsp-ide-0.3.6\\out\\server\\src\\server.js:2291:42)\n    at c:\\Users\\usuario\\.vscode\\extensions\\uqbar.wollok-lsp-ide-0.3.6\\out\\server\\src\\server.js:2291:2700\n    at c:\\Users\\usuario\\.vscode\\extensions\\uqbar.wollok-lsp-ide-0.3.6\\out\\server\\src\\server.js:2298:3774\n    at c:\\Users\\usuario\\.vscode\\extensions\\uqbar.wollok-lsp-ide-0.3.6\\out\\server\\src\\server.js:37:74872\n    at Fe (c:\\Users\\usuario\\.vscode\\extensions\\uqbar.wollok-lsp-ide-0.3.6\\out\\server\\src\\server.js:7:8527)","timestamp":"2024-11-09T22:37:14.610Z"}
{"level":"error","message":"✘ Completions for node failed: Error: [Return]{aad2aa} at impdp.wlk:-- exhausted all cases without a match [Return]{aad2aa} at impdp.wlk:-- exhausted all cases without a match","stack":"Error: [Return]{aad2aa} at impdp.wlk:-- exhausted all cases without a match\n    at c:\\Users\\usuario\\.vscode\\extensions\\uqbar.wollok-lsp-ide-0.3.6\\out\\server\\src\\server.js:38:6067\n    at yh (c:\\Users\\usuario\\.vscode\\extensions\\uqbar.wollok-lsp-ide-0.3.6\\out\\server\\src\\server.js:2291:42)\n    at kh (c:\\Users\\usuario\\.vscode\\extensions\\uqbar.wollok-lsp-ide-0.3.6\\out\\server\\src\\server.js:2291:1004)\n    at Y5n (c:\\Users\\usuario\\.vscode\\extensions\\uqbar.wollok-lsp-ide-0.3.6\\out\\server\\src\\server.js:2291:1160)\n    at c:\\Users\\usuario\\.vscode\\extensions\\uqbar.wollok-lsp-ide-0.3.6\\out\\server\\src\\server.js:38:6056\n    at yh (c:\\Users\\usuario\\.vscode\\extensions\\uqbar.wollok-lsp-ide-0.3.6\\out\\server\\src\\server.js:2291:42)\n    at c:\\Users\\usuario\\.vscode\\extensions\\uqbar.wollok-lsp-ide-0.3.6\\out\\server\\src\\server.js:2291:2700\n    at c:\\Users\\usuario\\.vscode\\extensions\\uqbar.wollok-lsp-ide-0.3.6\\out\\server\\src\\server.js:2298:3774\n    at c:\\Users\\usuario\\.vscode\\extensions\\uqbar.wollok-lsp-ide-0.3.6\\out\\server\\src\\server.js:37:74872\n    at Fe (c:\\Users\\usuario\\.vscode\\extensions\\uqbar.wollok-lsp-ide-0.3.6\\out\\server\\src\\server.js:7:8527)","timestamp":"2024-11-09T22:37:15.048Z"}
{"level":"error","message":"✘ Completions for node failed: Error: [Return]{92eef9} at impdp.wlk:-- exhausted all cases without a match [Return]{92eef9} at impdp.wlk:-- exhausted all cases without a match","stack":"Error: [Return]{92eef9} at impdp.wlk:-- exhausted all cases without a match\n    at c:\\Users\\usuario\\.vscode\\extensions\\uqbar.wollok-lsp-ide-0.3.6\\out\\server\\src\\server.js:38:6067\n    at yh (c:\\Users\\usuario\\.vscode\\extensions\\uqbar.wollok-lsp-ide-0.3.6\\out\\server\\src\\server.js:2291:42)\n    at kh (c:\\Users\\usuario\\.vscode\\extensions\\uqbar.wollok-lsp-ide-0.3.6\\out\\server\\src\\server.js:2291:1004)\n    at Y5n (c:\\Users\\usuario\\.vscode\\extensions\\uqbar.wollok-lsp-ide-0.3.6\\out\\server\\src\\server.js:2291:1160)\n    at c:\\Users\\usuario\\.vscode\\extensions\\uqbar.wollok-lsp-ide-0.3.6\\out\\server\\src\\server.js:38:6056\n    at yh (c:\\Users\\usuario\\.vscode\\extensions\\uqbar.wollok-lsp-ide-0.3.6\\out\\server\\src\\server.js:2291:42)\n    at c:\\Users\\usuario\\.vscode\\extensions\\uqbar.wollok-lsp-ide-0.3.6\\out\\server\\src\\server.js:2291:2700\n    at c:\\Users\\usuario\\.vscode\\extensions\\uqbar.wollok-lsp-ide-0.3.6\\out\\server\\src\\server.js:2298:3774\n    at c:\\Users\\usuario\\.vscode\\extensions\\uqbar.wollok-lsp-ide-0.3.6\\out\\server\\src\\server.js:37:74872\n    at Fe (c:\\Users\\usuario\\.vscode\\extensions\\uqbar.wollok-lsp-ide-0.3.6\\out\\server\\src\\server.js:7:8527)","timestamp":"2024-11-09T22:37:15.763Z"}
{"level":"error","message":"✘ Completions for node failed: Error: [Return]{14017a} at impdp.wlk:-- exhausted all cases without a match [Return]{14017a} at impdp.wlk:-- exhausted all cases without a match","stack":"Error: [Return]{14017a} at impdp.wlk:-- exhausted all cases without a match\n    at c:\\Users\\usuario\\.vscode\\extensions\\uqbar.wollok-lsp-ide-0.3.6\\out\\server\\src\\server.js:38:6067\n    at yh (c:\\Users\\usuario\\.vscode\\extensions\\uqbar.wollok-lsp-ide-0.3.6\\out\\server\\src\\server.js:2291:42)\n    at kh (c:\\Users\\usuario\\.vscode\\extensions\\uqbar.wollok-lsp-ide-0.3.6\\out\\server\\src\\server.js:2291:1004)\n    at Y5n (c:\\Users\\usuario\\.vscode\\extensions\\uqbar.wollok-lsp-ide-0.3.6\\out\\server\\src\\server.js:2291:1160)\n    at c:\\Users\\usuario\\.vscode\\extensions\\uqbar.wollok-lsp-ide-0.3.6\\out\\server\\src\\server.js:38:6056\n    at yh (c:\\Users\\usuario\\.vscode\\extensions\\uqbar.wollok-lsp-ide-0.3.6\\out\\server\\src\\server.js:2291:42)\n    at c:\\Users\\usuario\\.vscode\\extensions\\uqbar.wollok-lsp-ide-0.3.6\\out\\server\\src\\server.js:2291:2700\n    at c:\\Users\\usuario\\.vscode\\extensions\\uqbar.wollok-lsp-ide-0.3.6\\out\\server\\src\\server.js:2298:3774\n    at c:\\Users\\usuario\\.vscode\\extensions\\uqbar.wollok-lsp-ide-0.3.6\\out\\server\\src\\server.js:37:74872\n    at Fe (c:\\Users\\usuario\\.vscode\\extensions\\uqbar.wollok-lsp-ide-0.3.6\\out\\server\\src\\server.js:7:8527)","timestamp":"2024-11-09T22:37:16.328Z"}
{"level":"info","message":"⌛ Validating impdp.wlk","timeElapsed":145,"timestamp":"2024-11-09T22:37:16.475Z"}
{"level":"error","message":"✘ Completions for node failed: Error: [Return]{c9e738} at impdp.wlk:-- exhausted all cases without a match [Return]{c9e738} at impdp.wlk:-- exhausted all cases without a match","stack":"Error: [Return]{c9e738} at impdp.wlk:-- exhausted all cases without a match\n    at c:\\Users\\usuario\\.vscode\\extensions\\uqbar.wollok-lsp-ide-0.3.6\\out\\server\\src\\server.js:38:6067\n    at yh (c:\\Users\\usuario\\.vscode\\extensions\\uqbar.wollok-lsp-ide-0.3.6\\out\\server\\src\\server.js:2291:42)\n    at kh (c:\\Users\\usuario\\.vscode\\extensions\\uqbar.wollok-lsp-ide-0.3.6\\out\\server\\src\\server.js:2291:1004)\n    at Y5n (c:\\Users\\usuario\\.vscode\\extensions\\uqbar.wollok-lsp-ide-0.3.6\\out\\server\\src\\server.js:2291:1160)\n    at c:\\Users\\usuario\\.vscode\\extensions\\uqbar.wollok-lsp-ide-0.3.6\\out\\server\\src\\server.js:38:6056\n    at yh (c:\\Users\\usuario\\.vscode\\extensions\\uqbar.wollok-lsp-ide-0.3.6\\out\\server\\src\\server.js:2291:42)\n    at c:\\Users\\usuario\\.vscode\\extensions\\uqbar.wollok-lsp-ide-0.3.6\\out\\server\\src\\server.js:2291:2700\n    at c:\\Users\\usuario\\.vscode\\extensions\\uqbar.wollok-lsp-ide-0.3.6\\out\\server\\src\\server.js:2298:3774\n    at c:\\Users\\usuario\\.vscode\\extensions\\uqbar.wollok-lsp-ide-0.3.6\\out\\server\\src\\server.js:37:74872\n    at Fe (c:\\Users\\usuario\\.vscode\\extensions\\uqbar.wollok-lsp-ide-0.3.6\\out\\server\\src\\server.js:7:8527)","timestamp":"2024-11-09T22:37:16.576Z"}
{"level":"error","message":"✘ Completions for node failed: Error: [Return]{19ce78} at impdp.wlk:-- exhausted all cases without a match [Return]{19ce78} at impdp.wlk:-- exhausted all cases without a match","stack":"Error: [Return]{19ce78} at impdp.wlk:-- exhausted all cases without a match\n    at c:\\Users\\usuario\\.vscode\\extensions\\uqbar.wollok-lsp-ide-0.3.6\\out\\server\\src\\server.js:38:6067\n    at yh (c:\\Users\\usuario\\.vscode\\extensions\\uqbar.wollok-lsp-ide-0.3.6\\out\\server\\src\\server.js:2291:42)\n    at kh (c:\\Users\\usuario\\.vscode\\extensions\\uqbar.wollok-lsp-ide-0.3.6\\out\\server\\src\\server.js:2291:1004)\n    at Y5n (c:\\Users\\usuario\\.vscode\\extensions\\uqbar.wollok-lsp-ide-0.3.6\\out\\server\\src\\server.js:2291:1160)\n    at c:\\Users\\usuario\\.vscode\\extensions\\uqbar.wollok-lsp-ide-0.3.6\\out\\server\\src\\server.js:38:6056\n    at yh (c:\\Users\\usuario\\.vscode\\extensions\\uqbar.wollok-lsp-ide-0.3.6\\out\\server\\src\\server.js:2291:42)\n    at c:\\Users\\usuario\\.vscode\\extensions\\uqbar.wollok-lsp-ide-0.3.6\\out\\server\\src\\server.js:2291:2700\n    at c:\\Users\\usuario\\.vscode\\extensions\\uqbar.wollok-lsp-ide-0.3.6\\out\\server\\src\\server.js:2298:3774\n    at c:\\Users\\usuario\\.vscode\\extensions\\uqbar.wollok-lsp-ide-0.3.6\\out\\server\\src\\server.js:37:74872\n    at Fe (c:\\Users\\usuario\\.vscode\\extensions\\uqbar.wollok-lsp-ide-0.3.6\\out\\server\\src\\server.js:7:8527)","timestamp":"2024-11-09T22:37:20.536Z"}
{"level":"info","message":"onRequest - completionItem/resolve","timestamp":"2024-11-09T22:37:20.635Z"}
{"level":"info","message":"onRequest - completionItem/resolve","timestamp":"2024-11-09T22:37:20.701Z"}
{"level":"info","message":"onRequest - completionItem/resolve","timestamp":"2024-11-09T22:37:21.067Z"}
{"level":"info","message":"⌛ Validating impdp.wlk","timeElapsed":152,"timestamp":"2024-11-09T22:37:21.733Z"}
{"level":"info","message":"⌛ Building environment","timeElapsed":115,"timestamp":"2024-11-09T22:37:21.848Z"}
{"level":"info","message":"⌛ Validating impdp.wlk","timeElapsed":123,"timestamp":"2024-11-09T22:37:22.042Z"}
{"level":"info","message":"onRequest - completionItem/resolve","timestamp":"2024-11-09T22:37:23.336Z"}
{"level":"info","message":"onRequest - completionItem/resolve","timestamp":"2024-11-09T22:37:24.722Z"}
{"level":"info","message":"onRequest - completionItem/resolve","timestamp":"2024-11-09T22:37:24.966Z"}
{"level":"info","message":"onRequest - completionItem/resolve","timestamp":"2024-11-09T22:37:27.149Z"}
{"level":"info","message":"⌛ Validating artista.wlk","timeElapsed":114,"timestamp":"2024-11-09T22:48:38.081Z"}
{"level":"info","message":"⌛ Validating artista.wlk","timeElapsed":105,"timestamp":"2024-11-09T22:48:38.246Z"}
{"level":"info","message":"⌛ Building environment","timeElapsed":103,"timestamp":"2024-11-09T22:48:38.350Z"}
{"level":"info","message":"⌛ Validating artista.wlk","timeElapsed":116,"timestamp":"2024-11-09T22:48:38.555Z"}
{"level":"info","message":"⌛ Validating artista.wlk","timeElapsed":101,"timestamp":"2024-11-09T22:48:38.911Z"}
{"level":"info","message":"⌛ Validating artista.wlk","timeElapsed":101,"timestamp":"2024-11-09T22:48:39.278Z"}
{"level":"info","message":"⌛ Validating artista.wlk","timeElapsed":108,"timestamp":"2024-11-09T22:48:41.199Z"}
{"level":"info","message":"⌛ Validating artista.wlk","timeElapsed":103,"timestamp":"2024-11-09T22:49:04.385Z"}
{"level":"info","message":"⌛ Building environment","timeElapsed":155,"timestamp":"2024-11-09T23:03:20.410Z"}
{"level":"info","message":"⌛ Validating impdp.wlk","timeElapsed":266,"timestamp":"2024-11-09T23:03:20.688Z"}
{"level":"info","message":"⌛ Building environment","timeElapsed":167,"timestamp":"2024-11-10T13:44:03.557Z"}
{"level":"info","message":"onRequest - WORKSPACE_URI:file:///c%3A/AA-UTN/2doA%C3%B1o/paradigmas/ModelosParcialObjetos/IMPdeP","timestamp":"2024-11-10T13:44:03.567Z"}
{"level":"info","message":"⌛ Building environment","timeElapsed":110,"timestamp":"2024-11-10T13:44:03.680Z"}
{"level":"info","message":"⌛ Building environment","timeElapsed":186,"timestamp":"2024-11-10T13:44:03.871Z"}
{"level":"info","message":"⌛ Validating impdp.wlk","timeElapsed":154,"timestamp":"2024-11-10T13:44:04.102Z"}
{"level":"info","message":"⌛ Building environment","timeElapsed":107,"timestamp":"2024-11-10T13:44:04.210Z"}
{"level":"info","message":"⌛ Validating pelicula.wlk","timeElapsed":107,"timestamp":"2024-11-10T13:44:04.318Z"}
{"level":"info","message":"⌛ Building environment","timeElapsed":152,"timestamp":"2024-11-10T13:46:58.039Z"}
{"level":"info","message":"⌛ Validating impdp.wlk","timeElapsed":168,"timestamp":"2024-11-10T13:46:58.208Z"}
{"level":"info","message":"⌛ Validating pelicula.wlk","timeElapsed":132,"timestamp":"2024-11-10T13:46:58.344Z"}
{"level":"info","message":"⌛ Building environment","timeElapsed":399,"timestamp":"2024-11-10T15:26:41.691Z"}
{"level":"info","message":"⌛ Validating artista.wlk","timeElapsed":130,"timestamp":"2024-11-10T15:26:41.836Z"}
{"level":"info","message":"⌛ Building environment","timeElapsed":127,"timestamp":"2024-11-10T15:27:11.422Z"}
{"level":"info","message":"⌛ Validating impdp.wlk","timeElapsed":149,"timestamp":"2024-11-10T15:27:11.577Z"}
{"level":"info","message":"⌛ Building environment","timeElapsed":203,"timestamp":"2024-11-10T15:27:30.928Z"}
{"level":"info","message":"⌛ Validating artista.wlk","timeElapsed":125,"timestamp":"2024-11-10T15:27:31.064Z"}
{"level":"info","message":"⌛ Building environment","timeElapsed":109,"timestamp":"2024-11-10T15:27:41.213Z"}
{"level":"info","message":"⌛ Validating artista.wlk","timeElapsed":131,"timestamp":"2024-11-10T15:27:41.346Z"}
{"level":"info","message":"⌛ Validating artista.wlk","timeElapsed":103,"timestamp":"2024-11-10T15:27:42.337Z"}
{"level":"info","message":"⌛ Building environment","timeElapsed":106,"timestamp":"2024-11-10T15:27:43.041Z"}
{"level":"info","message":"⌛ Validating artista.wlk","timeElapsed":177,"timestamp":"2024-11-10T15:27:43.359Z"}
{"level":"info","message":"onRequest - completionItem/resolve","timestamp":"2024-11-10T15:27:43.360Z"}
{"level":"info","message":"⌛ Validating artista.wlk","timeElapsed":138,"timestamp":"2024-11-10T15:27:43.499Z"}
{"level":"info","message":"onRequest - completionItem/resolve","timestamp":"2024-11-10T15:27:43.600Z"}
{"level":"info","message":"onRequest - completionItem/resolve","timestamp":"2024-11-10T15:27:43.690Z"}
{"level":"info","message":"⌛ Validating artista.wlk","timeElapsed":133,"timestamp":"2024-11-10T15:27:43.822Z"}
{"level":"info","message":"onRequest - completionItem/resolve","timestamp":"2024-11-10T15:27:43.916Z"}
{"level":"info","message":"⌛ Validating artista.wlk","timeElapsed":128,"timestamp":"2024-11-10T15:27:44.044Z"}
{"level":"error","message":"✘ Failed to rebuild document Failed to parse artista.wlk: \n-- PARSING FAILED --------------------------------------------------\n\n  21 | \n  22 |     method\n> 23 | }\n     | ^\n  24 | \n  25 | object amateur {\n\nExpected one of the following: \n\n'!=', '!==', '%', '&&', '*', '**', '+', '-', '->', '..', '..<', '/', '<', '<<', '<<<', '<=', '<=>', '<>', '==', '===', '>', '>..', '>=', '>>', '>>>', '?:', 'and', 'invert', 'negate', 'or', 'plus', '||', identifier, whitespace\n","stack":"Error: Failed to parse artista.wlk: \n-- PARSING FAILED --------------------------------------------------\n\n  21 | \n  22 |     method\n> 23 | }\n     | ^\n  24 | \n  25 | object amateur {\n\nExpected one of the following: \n\n'!=', '!==', '%', '&&', '*', '**', '+', '-', '->', '..', '..<', '/', '<', '<<', '<<<', '<=', '<=>', '<>', '==', '===', '>', '>..', '>=', '>>', '>>>', '?:', 'and', 'invert', 'negate', 'or', 'plus', '||', identifier, whitespace\n\n    at c:\\Users\\usuario\\.vscode\\extensions\\uqbar.wollok-lsp-ide-0.3.6\\out\\server\\src\\server.js:2254:32415\n    at Array.map (<anonymous>)\n    at Jfn (c:\\Users\\usuario\\.vscode\\extensions\\uqbar.wollok-lsp-ide-0.3.6\\out\\server\\src\\server.js:2254:32339)\n    at k2.buildEnvironmentFrom (c:\\Users\\usuario\\.vscode\\extensions\\uqbar.wollok-lsp-ide-0.3.6\\out\\server\\src\\server.js:2285:6721)\n    at k2.updateEnvironmentWith (c:\\Users\\usuario\\.vscode\\extensions\\uqbar.wollok-lsp-ide-0.3.6\\out\\server\\src\\server.js:2285:6456)\n    at jL (c:\\Users\\usuario\\.vscode\\extensions\\uqbar.wollok-lsp-ide-0.3.6\\out\\server\\src\\server.js:2298:2292)\n    at v3.invoke (c:\\Users\\usuario\\.vscode\\extensions\\uqbar.wollok-lsp-ide-0.3.6\\out\\server\\src\\server.js:3:157200)\n    at o.fire (c:\\Users\\usuario\\.vscode\\extensions\\uqbar.wollok-lsp-ide-0.3.6\\out\\server\\src\\server.js:3:157970)\n    at c:\\Users\\usuario\\.vscode\\extensions\\uqbar.wollok-lsp-ide-0.3.6\\out\\server\\src\\server.js:37:57871\n    at Vr (c:\\Users\\usuario\\.vscode\\extensions\\uqbar.wollok-lsp-ide-0.3.6\\out\\server\\src\\server.js:8:1561)","timestamp":"2024-11-10T15:27:44.063Z"}
{"level":"info","message":"onRequest - completionItem/resolve","timestamp":"2024-11-10T15:27:44.064Z"}
{"level":"error","message":"✘ Failed to rebuild document Failed to parse artista.wlk: \n-- PARSING FAILED --------------------------------------------------\n\n  21 | \n  22 |     method \n> 23 | }\n     | ^\n  24 | \n  25 | object amateur {\n\nExpected one of the following: \n\n'!=', '!==', '%', '&&', '*', '**', '+', '-', '->', '..', '..<', '/', '<', '<<', '<<<', '<=', '<=>', '<>', '==', '===', '>', '>..', '>=', '>>', '>>>', '?:', 'and', 'invert', 'negate', 'or', 'plus', '||', identifier, whitespace\n","stack":"Error: Failed to parse artista.wlk: \n-- PARSING FAILED --------------------------------------------------\n\n  21 | \n  22 |     method \n> 23 | }\n     | ^\n  24 | \n  25 | object amateur {\n\nExpected one of the following: \n\n'!=', '!==', '%', '&&', '*', '**', '+', '-', '->', '..', '..<', '/', '<', '<<', '<<<', '<=', '<=>', '<>', '==', '===', '>', '>..', '>=', '>>', '>>>', '?:', 'and', 'invert', 'negate', 'or', 'plus', '||', identifier, whitespace\n\n    at c:\\Users\\usuario\\.vscode\\extensions\\uqbar.wollok-lsp-ide-0.3.6\\out\\server\\src\\server.js:2254:32415\n    at Array.map (<anonymous>)\n    at Jfn (c:\\Users\\usuario\\.vscode\\extensions\\uqbar.wollok-lsp-ide-0.3.6\\out\\server\\src\\server.js:2254:32339)\n    at k2.buildEnvironmentFrom (c:\\Users\\usuario\\.vscode\\extensions\\uqbar.wollok-lsp-ide-0.3.6\\out\\server\\src\\server.js:2285:6721)\n    at k2.updateEnvironmentWith (c:\\Users\\usuario\\.vscode\\extensions\\uqbar.wollok-lsp-ide-0.3.6\\out\\server\\src\\server.js:2285:6456)\n    at jL (c:\\Users\\usuario\\.vscode\\extensions\\uqbar.wollok-lsp-ide-0.3.6\\out\\server\\src\\server.js:2298:2292)\n    at v3.invoke (c:\\Users\\usuario\\.vscode\\extensions\\uqbar.wollok-lsp-ide-0.3.6\\out\\server\\src\\server.js:3:157200)\n    at o.fire (c:\\Users\\usuario\\.vscode\\extensions\\uqbar.wollok-lsp-ide-0.3.6\\out\\server\\src\\server.js:3:157970)\n    at c:\\Users\\usuario\\.vscode\\extensions\\uqbar.wollok-lsp-ide-0.3.6\\out\\server\\src\\server.js:37:57871\n    at Vr (c:\\Users\\usuario\\.vscode\\extensions\\uqbar.wollok-lsp-ide-0.3.6\\out\\server\\src\\server.js:8:1561)","timestamp":"2024-11-10T15:27:44.322Z"}
{"level":"info","message":"onRequest - completionItem/resolve","timestamp":"2024-11-10T15:27:44.324Z"}
{"level":"info","message":"onRequest - completionItem/resolve","timestamp":"2024-11-10T15:27:45.929Z"}
{"level":"info","message":"⌛ Validating artista.wlk","timeElapsed":148,"timestamp":"2024-11-10T15:27:46.552Z"}
{"level":"info","message":"⌛ Building environment","timeElapsed":108,"timestamp":"2024-11-10T15:28:24.745Z"}
{"level":"info","message":"⌛ Validating artista.wlk","timeElapsed":117,"timestamp":"2024-11-10T15:28:24.884Z"}
{"level":"info","message":"⌛ Validating artista.wlk","timeElapsed":105,"timestamp":"2024-11-10T15:28:25.111Z"}
{"level":"info","message":"⌛ Validating artista.wlk","timeElapsed":109,"timestamp":"2024-11-10T15:28:25.326Z"}
{"level":"info","message":"⌛ Building environment","timeElapsed":102,"timestamp":"2024-11-10T15:28:25.428Z"}
{"level":"info","message":"⌛ Validating artista.wlk","timeElapsed":138,"timestamp":"2024-11-10T15:28:25.652Z"}
{"level":"info","message":"⌛ Building environment","timeElapsed":141,"timestamp":"2024-11-10T15:30:38.995Z"}
{"level":"info","message":"⌛ Validating artista.wlk","timeElapsed":109,"timestamp":"2024-11-10T15:30:39.106Z"}
{"level":"info","message":"⌛ Validating artista.wlk","timeElapsed":121,"timestamp":"2024-11-10T15:30:39.328Z"}
{"level":"info","message":"⌛ Validating artista.wlk","timeElapsed":149,"timestamp":"2024-11-10T15:30:39.543Z"}
{"level":"info","message":"⌛ Validating artista.wlk","timeElapsed":116,"timestamp":"2024-11-10T15:30:39.827Z"}
{"level":"info","message":"⌛ Validating artista.wlk","timeElapsed":113,"timestamp":"2024-11-10T15:30:39.942Z"}
{"level":"info","message":"⌛ Building environment","timeElapsed":233,"timestamp":"2024-11-11T12:18:47.436Z"}
{"level":"info","message":"onRequest - WORKSPACE_URI:file:///c%3A/AA-UTN/2doA%C3%B1o/paradigmas/ModelosParcialObjetos/IMPdeP","timestamp":"2024-11-11T12:18:47.451Z"}
{"level":"info","message":"⌛ Building environment","timeElapsed":159,"timestamp":"2024-11-11T12:18:47.613Z"}
{"level":"info","message":"⌛ Validating artista.wlk","timeElapsed":176,"timestamp":"2024-11-11T12:18:48.250Z"}
{"level":"info","message":"⌛ Validating artista.wlk","timeElapsed":144,"timestamp":"2024-11-11T12:18:48.798Z"}
{"level":"info","message":"⌛ Validating impdp.wlk","timeElapsed":105,"timestamp":"2024-11-11T12:18:49.005Z"}
{"level":"info","message":"⌛ Building environment","timeElapsed":169,"timestamp":"2024-11-11T12:25:02.923Z"}
{"level":"info","message":"⌛ Validating artista.wlk","timeElapsed":221,"timestamp":"2024-11-11T12:25:03.145Z"}
