{"level":"info","message":"⌛ Building environment","timeElapsed":362,"timestamp":"2024-12-11T20:49:22.726Z"}
{"level":"info","message":"onRequest - WORKSPACE_URI:file:///c%3A/AA-UTN/2doA%C3%B1o/paradigmas/ModelosParcialObjetos","timestamp":"2024-12-11T20:49:22.750Z"}
{"level":"info","message":"⌛ Building environment","timeElapsed":254,"timestamp":"2024-12-11T20:49:23.008Z"}
{"level":"info","message":"⌛ Building environment","timeElapsed":366,"timestamp":"2024-12-11T20:49:23.385Z"}
{"level":"error","message":"✘ Failed to rebuild document Failed to parse PedePFoni/testPDdPFoni.wtest: \n-- PARSING FAILED --------------------------------------------------\n\n  60 | \t\t\tlinea.agregarPack(pack)\n  61 | \t\t})\t\t\n> 62 | \t}\n     |  ^\n  63 | \t\n  64 | \ttest \"puede realizar un consumo de internet\" {\n\nExpected one of the following: \n\n'@', 'class', 'const', 'describe', 'mixin', 'object', 'only', 'package', 'program', 'test', 'var', '{', EOF, comment, not \"}\r\n\t\r\n\t\", whitespace\n","stack":"Error: Failed to parse PedePFoni/testPDdPFoni.wtest: \n-- PARSING FAILED --------------------------------------------------\n\n  60 | \t\t\tlinea.agregarPack(pack)\n  61 | \t\t})\t\t\n> 62 | \t}\n     |  ^\n  63 | \t\n  64 | \ttest \"puede realizar un consumo de internet\" {\n\nExpected one of the following: \n\n'@', 'class', 'const', 'describe', 'mixin', 'object', 'only', 'package', 'program', 'test', 'var', '{', EOF, comment, not \"}\r\n\t\r\n\t\", whitespace\n\n    at c:\\Users\\usuario\\.vscode\\extensions\\uqbar.wollok-lsp-ide-0.4.0\\out\\server\\src\\server.js:2285:32687\n    at Array.map (<anonymous>)\n    at Nmn (c:\\Users\\usuario\\.vscode\\extensions\\uqbar.wollok-lsp-ide-0.4.0\\out\\server\\src\\server.js:2285:32611)\n    at N2.buildEnvironmentFrom (c:\\Users\\usuario\\.vscode\\extensions\\uqbar.wollok-lsp-ide-0.4.0\\out\\server\\src\\server.js:2316:5746)\n    at N2.updateEnvironmentWith (c:\\Users\\usuario\\.vscode\\extensions\\uqbar.wollok-lsp-ide-0.4.0\\out\\server\\src\\server.js:2316:5481)\n    at tF (c:\\Users\\usuario\\.vscode\\extensions\\uqbar.wollok-lsp-ide-0.4.0\\out\\server\\src\\server.js:2329:2254)\n    at P3.invoke (c:\\Users\\usuario\\.vscode\\extensions\\uqbar.wollok-lsp-ide-0.4.0\\out\\server\\src\\server.js:3:157240)\n    at o.fire (c:\\Users\\usuario\\.vscode\\extensions\\uqbar.wollok-lsp-ide-0.4.0\\out\\server\\src\\server.js:3:158010)\n    at c:\\Users\\usuario\\.vscode\\extensions\\uqbar.wollok-lsp-ide-0.4.0\\out\\server\\src\\server.js:37:57488\n    at $r (c:\\Users\\usuario\\.vscode\\extensions\\uqbar.wollok-lsp-ide-0.4.0\\out\\server\\src\\server.js:8:1561)","timestamp":"2024-12-11T20:49:23.570Z"}
{"level":"info","message":"⌛ Building environment","timeElapsed":230,"timestamp":"2024-12-11T20:49:23.802Z"}
{"level":"info","message":"⌛ Building environment","timeElapsed":200,"timestamp":"2024-12-11T20:49:24.004Z"}
{"level":"info","message":"⌛ Building environment","timeElapsed":175,"timestamp":"2024-12-11T20:49:24.185Z"}
{"level":"info","message":"⌛ Building environment","timeElapsed":235,"timestamp":"2024-12-11T20:49:24.423Z"}
{"level":"info","message":"⌛ Building environment","timeElapsed":152,"timestamp":"2024-12-11T20:49:24.577Z"}
{"level":"info","message":"⌛ Building environment","timeElapsed":168,"timestamp":"2024-12-11T20:49:24.754Z"}
{"level":"info","message":"⌛ Building environment","timeElapsed":149,"timestamp":"2024-12-11T20:49:24.905Z"}
{"level":"info","message":"⌛ Building environment","timeElapsed":147,"timestamp":"2024-12-11T20:49:25.053Z"}
{"level":"info","message":"⌛ Validating EscaPdP/NoPuedenPagarLaSalaPorSaldoInsuficienteException.wlk","timeElapsed":284,"timestamp":"2024-12-11T20:49:25.338Z"}
{"level":"error","message":"✘ Updating environment failed Failed to parse PedePFoni/testPDdPFoni.wtest: \n-- PARSING FAILED --------------------------------------------------\n\n  60 | \t\t\tlinea.agregarPack(pack)\n  61 | \t\t})\t\t\n> 62 | \t}\n     |  ^\n  63 | \t\n  64 | \ttest \"puede realizar un consumo de internet\" {\n\nExpected one of the following: \n\n'@', 'class', 'const', 'describe', 'mixin', 'object', 'only', 'package', 'program', 'test', 'var', '{', EOF, comment, not \"}\r\n\t\r\n\t\", whitespace\n","stack":"Error: Failed to parse PedePFoni/testPDdPFoni.wtest: \n-- PARSING FAILED --------------------------------------------------\n\n  60 | \t\t\tlinea.agregarPack(pack)\n  61 | \t\t})\t\t\n> 62 | \t}\n     |  ^\n  63 | \t\n  64 | \ttest \"puede realizar un consumo de internet\" {\n\nExpected one of the following: \n\n'@', 'class', 'const', 'describe', 'mixin', 'object', 'only', 'package', 'program', 'test', 'var', '{', EOF, comment, not \"}\r\n\t\r\n\t\", whitespace\n\n    at c:\\Users\\usuario\\.vscode\\extensions\\uqbar.wollok-lsp-ide-0.4.0\\out\\server\\src\\server.js:2285:32687\n    at Array.map (<anonymous>)\n    at Nmn (c:\\Users\\usuario\\.vscode\\extensions\\uqbar.wollok-lsp-ide-0.4.0\\out\\server\\src\\server.js:2285:32611)\n    at N2.buildEnvironmentFrom (c:\\Users\\usuario\\.vscode\\extensions\\uqbar.wollok-lsp-ide-0.4.0\\out\\server\\src\\server.js:2316:5746)\n    at N2.updateEnvironmentWith (c:\\Users\\usuario\\.vscode\\extensions\\uqbar.wollok-lsp-ide-0.4.0\\out\\server\\src\\server.js:2316:5481)\n    at Object.next (c:\\Users\\usuario\\.vscode\\extensions\\uqbar.wollok-lsp-ide-0.4.0\\out\\server\\src\\server.js:2329:2901)\n    at o.next (c:\\Users\\usuario\\.vscode\\extensions\\uqbar.wollok-lsp-ide-0.4.0\\out\\server\\src\\server.js:3:7333)\n    at n._next (c:\\Users\\usuario\\.vscode\\extensions\\uqbar.wollok-lsp-ide-0.4.0\\out\\server\\src\\server.js:3:6901)\n    at n.next (c:\\Users\\usuario\\.vscode\\extensions\\uqbar.wollok-lsp-ide-0.4.0\\out\\server\\src\\server.js:3:6485)\n    at c:\\Users\\usuario\\.vscode\\extensions\\uqbar.wollok-lsp-ide-0.4.0\\out\\server\\src\\server.js:3:18379","timestamp":"2024-12-11T20:49:25.385Z"}
{"level":"info","message":"⌛ Building environment","timeElapsed":227,"timestamp":"2024-12-11T20:49:25.632Z"}
{"level":"info","message":"⌛ Building environment","timeElapsed":177,"timestamp":"2024-12-11T20:49:25.810Z"}
{"level":"info","message":"⌛ Building environment","timeElapsed":266,"timestamp":"2024-12-11T20:49:26.078Z"}
{"level":"info","message":"⌛ Building environment","timeElapsed":182,"timestamp":"2024-12-11T20:49:26.261Z"}
{"level":"info","message":"⌛ Building environment","timeElapsed":155,"timestamp":"2024-12-11T20:49:26.420Z"}
{"level":"info","message":"⌛ Building environment","timeElapsed":133,"timestamp":"2024-12-11T20:49:26.555Z"}
{"level":"info","message":"⌛ Building environment","timeElapsed":178,"timestamp":"2024-12-11T20:49:26.735Z"}
{"level":"info","message":"⌛ Building environment","timeElapsed":158,"timestamp":"2024-12-11T20:49:26.894Z"}
{"level":"info","message":"⌛ Building environment","timeElapsed":275,"timestamp":"2024-12-11T20:49:27.173Z"}
{"level":"info","message":"⌛ Building environment","timeElapsed":244,"timestamp":"2024-12-11T20:49:27.420Z"}
{"level":"info","message":"⌛ Building environment","timeElapsed":181,"timestamp":"2024-12-11T20:49:27.602Z"}
{"level":"info","message":"⌛ Building environment","timeElapsed":151,"timestamp":"2024-12-11T20:49:27.754Z"}
{"level":"info","message":"⌛ Validating PedePFoni/vigencias.wlk","timeElapsed":216,"timestamp":"2024-12-11T20:49:27.971Z"}
{"level":"info","message":"⌛ Building environment","timeElapsed":145,"timestamp":"2024-12-11T20:49:28.118Z"}
{"level":"info","message":"⌛ Building environment","timeElapsed":143,"timestamp":"2024-12-11T20:49:28.262Z"}
{"level":"info","message":"⌛ Building environment","timeElapsed":162,"timestamp":"2024-12-11T20:49:28.425Z"}
{"level":"info","message":"⌛ Building environment","timeElapsed":139,"timestamp":"2024-12-11T20:49:28.565Z"}
{"level":"info","message":"⌛ Building environment","timeElapsed":146,"timestamp":"2024-12-11T20:49:28.712Z"}
{"level":"info","message":"⌛ Building environment","timeElapsed":179,"timestamp":"2024-12-11T20:49:28.894Z"}
{"level":"info","message":"⌛ Building environment","timeElapsed":124,"timestamp":"2024-12-11T20:49:29.019Z"}
{"level":"info","message":"⌛ Building environment","timeElapsed":157,"timestamp":"2024-12-11T20:49:29.178Z"}
{"level":"info","message":"⌛ Building environment","timeElapsed":255,"timestamp":"2024-12-11T20:49:29.434Z"}
{"level":"info","message":"⌛ Building environment","timeElapsed":232,"timestamp":"2024-12-11T20:49:29.670Z"}
{"level":"info","message":"⌛ Validating PedePFoni/pDePFoni.wlk","timeElapsed":321,"timestamp":"2024-12-11T20:49:29.993Z"}
{"level":"info","message":"⌛ Validating PedePFoni/packs.wlk","timeElapsed":308,"timestamp":"2024-12-11T20:49:30.302Z"}
{"level":"info","message":"⌛ Validating IntensaMente/recuerdo.wlk","timeElapsed":405,"timestamp":"2024-12-11T20:49:30.725Z"}
{"level":"info","message":"⌛ Validating PedePFoni/consumos.wlk","timeElapsed":381,"timestamp":"2024-12-11T20:49:31.107Z"}
{"level":"info","message":"⌛ Validating IntensaMente/persona.wlk","timeElapsed":296,"timestamp":"2024-12-11T20:49:31.405Z"}
{"level":"info","message":"⌛ Validating Vikingos/vikingos.wlk","timeElapsed":303,"timestamp":"2024-12-11T20:49:31.708Z"}
{"level":"info","message":"⌛ Validating Vikingos/objetivo.wlk","timeElapsed":413,"timestamp":"2024-12-11T20:49:32.122Z"}
{"level":"info","message":"⌛ Validating Vikingos/expediciones.wlk","timeElapsed":408,"timestamp":"2024-12-11T20:49:32.531Z"}
{"level":"info","message":"⌛ Validating PdePLibre/usuario.wlk","timeElapsed":375,"timestamp":"2024-12-11T20:49:32.907Z"}
{"level":"info","message":"⌛ Validating PdePLibre/productos.wlk","timeElapsed":449,"timestamp":"2024-12-11T20:49:33.357Z"}
{"level":"info","message":"⌛ Validating PdePLibre/pDePLibre.wlk","timeElapsed":355,"timestamp":"2024-12-11T20:49:33.712Z"}
{"level":"info","message":"⌛ Validating PdePLibre/noPuedeAgregarAlCarritoException.wlk","timeElapsed":382,"timestamp":"2024-12-11T20:49:34.094Z"}
{"level":"info","message":"⌛ Validating IMPdeP/artista.wlk","timeElapsed":410,"timestamp":"2024-12-11T20:49:34.506Z"}
{"level":"info","message":"⌛ Validating PDEPEntertainment/Asistente.wlk","timeElapsed":403,"timestamp":"2024-12-11T20:49:34.911Z"}
{"level":"info","message":"⌛ Validating PdePLibre/nivel.wlk","timeElapsed":268,"timestamp":"2024-12-11T20:49:35.181Z"}
{"level":"info","message":"⌛ Validating PDEPEntertainment/Prductora.wlk","timeElapsed":336,"timestamp":"2024-12-11T20:49:35.518Z"}
{"level":"info","message":"⌛ Validating PDEPEntertainment/noPuedeComprarEntradaPorFaltaDeSaldoException.wlk","timeElapsed":343,"timestamp":"2024-12-11T20:49:35.864Z"}
{"level":"info","message":"⌛ Validating IMPdeP/pelicula.wlk","timeElapsed":236,"timestamp":"2024-12-11T20:49:36.100Z"}
{"level":"info","message":"⌛ Validating IMPdeP/impdp.wlk","timeElapsed":248,"timestamp":"2024-12-11T20:49:36.350Z"}
{"level":"info","message":"⌛ Validating PDEPEntertainment/Entrada.wlk","timeElapsed":281,"timestamp":"2024-12-11T20:49:36.632Z"}
{"level":"info","message":"⌛ Validating PDEPEntertainment/Banda.wlk","timeElapsed":414,"timestamp":"2024-12-11T20:49:37.047Z"}
{"level":"info","message":"⌛ Validating PdePLibre/cupon.wlk","timeElapsed":421,"timestamp":"2024-12-11T20:49:37.469Z"}
{"level":"info","message":"⌛ Validating EscaPdP/escapista.wlk","timeElapsed":396,"timestamp":"2024-12-11T20:49:37.865Z"}
{"level":"info","message":"⌛ Validating DangerZone/mision.wlk","timeElapsed":546,"timestamp":"2024-12-11T20:49:38.412Z"}
{"level":"info","message":"⌛ Validating EscaPdP/salaDeEscape.wlk","timeElapsed":424,"timestamp":"2024-12-11T20:49:38.839Z"}
{"level":"info","message":"⌛ Validating EscaPdP/grupo.wlk","timeElapsed":497,"timestamp":"2024-12-11T20:49:39.336Z"}
{"level":"info","message":"⌛ Validating DangerZone/equipo.wlk","timeElapsed":577,"timestamp":"2024-12-11T20:49:39.914Z"}
{"level":"info","message":"⌛ Validating ForSale/zona.wlk","timeElapsed":370,"timestamp":"2024-12-11T20:49:40.286Z"}
{"level":"info","message":"⌛ Validating DangerZone/empleado.wlk","timeElapsed":407,"timestamp":"2024-12-11T20:49:40.693Z"}
{"level":"info","message":"⌛ Validating ForSale/inmueble.wlk","timeElapsed":288,"timestamp":"2024-12-11T20:49:40.983Z"}
{"level":"info","message":"⌛ Building environment","timeElapsed":119,"timestamp":"2024-12-11T20:51:50.304Z"}
{"level":"info","message":"⌛ Validating PDEPEntertainment/Asistente.wlk","timeElapsed":214,"timestamp":"2024-12-11T20:51:50.520Z"}
{"level":"info","message":"⌛ Building environment","timeElapsed":122,"timestamp":"2024-12-11T20:52:20.211Z"}
{"level":"info","message":"⌛ Validating PDEPEntertainment/Asistente.wlk","timeElapsed":160,"timestamp":"2024-12-11T20:52:20.375Z"}
{"level":"info","message":"⌛ Building environment","timeElapsed":270,"timestamp":"2024-12-11T20:53:59.549Z"}
{"level":"info","message":"⌛ Validating EscaPdP/NoPuedenPagarLaSalaPorSaldoInsuficienteException.wlk","timeElapsed":176,"timestamp":"2024-12-11T20:53:59.770Z"}
